<?xml version="1.0" encoding="UTF-8"?>
<testsuite xmlns:xsi="http://www.w3.org/2001/XMLSchema-instance" xsi:noNamespaceSchemaLocation="https://maven.apache.org/surefire/maven-surefire-plugin/xsd/surefire-test-report-3.0.xsd" version="3.0" name="Product Login" time="8.382" tests="1" errors="0" skipped="0" failures="0">
  <properties>
[...]
</properties>
  <testcase name="The user successfully logs in with valid credentials." classname="Product Login" time="8.382">
    <system-out><![CDATA[
@smoke @login @hamza
Scenario: The user successfully logs in with valid credentials.                            &amp#27;[90m# src/test/resources/features/LoginProcess.feature:12&amp#27;[0m
Open ::http://secure.smartbearsoftware.com/samples/testcomplete12/weborders
  &amp#27;[32mGiven &amp#27;[0m&amp#27;[32mthe user is on the login page&amp#27;[0m                                                      &amp#27;[90m# com.dangelsin.step_definitions.LoginProcessStepDefs.user_is_on_the_login_page()&amp#27;[0m
  &amp#27;[32mWhen &amp#27;[0m&amp#27;[32mthe user enters username &amp#27;[0m&amp#27;[32m&amp#27;[1m"Tester"&amp#27;[0m                                                   &amp#27;[90m# com.dangelsin.step_definitions.LoginProcessStepDefs.user_enters_username(java.lang.String)&amp#27;[0m
  &amp#27;[32mAnd &amp#27;[0m&amp#27;[32mthe user enters password as &amp#27;[0m&amp#27;[32m&amp#27;[1m"test"&amp#27;[0m                                                   &amp#27;[90m# com.dangelsin.step_definitions.LoginProcessStepDefs.user_enters_password_as(java.lang.String)&amp#27;[0m
  &amp#27;[32mAnd &amp#27;[0m&amp#27;[32mthe user clicks on the Login&amp#27;[0m                                                         &amp#27;[90m# com.dangelsin.step_definitions.LoginProcessStepDefs.user_clicks_on_the_Login_button()&amp#27;[0m
  &amp#27;[32mThen &amp#27;[0m&amp#27;[32mthe user should be logged in&amp#27;[0m                                                        &amp#27;[90m# com.dangelsin.step_definitions.LoginProcessStepDefs.the_user_should_be_logged_in()&amp#27;[0m
  &amp#27;[32mThen &amp#27;[0m&amp#27;[32mthe user arrives at the home page and welcome text containing the username &amp#27;[0m&amp#27;[32m&amp#27;[1m"Tester"&amp#27;[0m &amp#27;[90m# com.dangelsin.step_definitions.LoginProcessStepDefs.the_user_arrives_at_the_home_page_and_welcome_text_containing_the_username(java.lang.String)&amp#27;[0m
]]></system-out>
    <system-err><![CDATA[SLF4J: Failed to load class "org.slf4j.impl.StaticLoggerBinder".
SLF4J: Defaulting to no-operation (NOP) logger implementation
SLF4J: See http://www.slf4j.org/codes.html#StaticLoggerBinder for further details.
ERROR StatusLogger Log4j2 could not find a logging implementation. Please add log4j-core to the classpath. Using SimpleLogger to log to the console...
Starting ChromeDriver 109.0.5414.74 (e7c5703604daa9cc128ccf5a5d3e993513758913-refs/branch-heads/5414@{#1172}) on port 28317
Only local connections are allowed.
Please see https://chromedriver.chromium.org/security-considerations for suggestions on keeping ChromeDriver safe.
ChromeDriver was started successfully.
]]></system-err>
  </testcase>
</testsuite>